#separator \x09
#set_separator	,
#empty_field	(empty)
#unset_field	-
#path	ocsp
#open	2023-05-26-13-01-39
#fields	ts	id	hashAlgorithm	issuerNameHash	issuerKeyHash	serialNumber	certStatus	revoketime	revokereason	thisUpdate	nextUpdate
#types	time	string	string	string	string	string	string	time	string	time	time
1685093959.361913	FJ4hW24GpvFdcH71Jd	sha1	2828E1C94506C213EDC35EAC058B3B41C4B61D87	0D98C0737FABBDBDD9474B49AD0A4A0CAC3EC77C	61108C4CEE0BDE0E6EEEE845	good	-	-	1685080157.000000	1685425756.000000
1685093960.534848	FZDBEz2NbJ3Sm98nFh	sha1	48DAC9A0FB2BD32D4FF0DE68D2F567B735F9B3C4	142EB317B75856CBAE500940E61FAF9D8B14C2C6	03FE524E3E36B12F4BA203CD567613CB332E	good	-	-	1685008800.000000	1685613598.000000
1685093973.194347	FwlU184MrsNaoXNZF6	sha1	2828E1C94506C213EDC35EAC058B3B41C4B61D87	0D98C0737FABBDBDD9474B49AD0A4A0CAC3EC77C	4AD69E74B98E0FD773F5587C	good	-	-	1685072307.000000	1685417906.000000
1685093975.486032	FBAIMl2XjF36c7y5Wa	sha1	430BD20E4F137A1A6C918F24E5DA7E324D4733C8	8D8C5EC454AD8AE177E99BF99B05E1B8018D61E1	0FA88B1C9B2F1CC8F6D93654367AF886	good	-	-	1684810359.000000	1685415158.000000
1685093984.905296	FsjGyr3RDLD83YHcyd	sha1	48DAC9A0FB2BD32D4FF0DE68D2F567B735F9B3C4	142EB317B75856CBAE500940E61FAF9D8B14C2C6	04AB9829B41263DC110E8E9AB291957A8997	good	-	-	1684900800.000000	1685505598.000000
1685093988.378206	FR9Cpj4rcaXNXk4Zuj	sha1	48DAC9A0FB2BD32D4FF0DE68D2F567B735F9B3C4	142EB317B75856CBAE500940E61FAF9D8B14C2C6	04D7FE16C107220B4E1A92E743C4834C0D42	good	-	-	1684900800.000000	1685505598.000000
1685094027.020381	Fiq4Ka47s1k7mOXfz8	sha1	2B1D1E98CCF37604D6C1C8BD15A224C804130038	0ABC0829178CA5396D7A0ECE33C72EB3EDFBC37A	0765434373ED0E4C092E104CEF08B088	good	-	-	1684501022.000000	1685103122.000000
1685094067.523515	FC012yxa3YxfEWwv8	sha1	48DAC9A0FB2BD32D4FF0DE68D2F567B735F9B3C4	142EB317B75856CBAE500940E61FAF9D8B14C2C6	04CFAB95A6DF140E6B44981C31AD2457D7B6	good	-	-	1684900800.000000	1685505598.000000
1685094068.276999	FfoQVv37jxeXAbMG6	sha1	B6080D5F6C6B76EB13E438A5F8660BA85233344E	40C2BD278ECC348330A233D7FB6CB3F0B42C80CE	9630474B058DA275	good	-	-	1685043517.000000	1685173117.000000
1685094068.303904	FVDb1q2ntcMYYsbpsf	sha1	48DAC9A0FB2BD32D4FF0DE68D2F567B735F9B3C4	142EB317B75856CBAE500940E61FAF9D8B14C2C6	03CE1138EAC4B0E012A6CF5D91717652998C	good	-	-	1684900800.000000	1685505598.000000
1685094068.567720	FH2ICr3PSXrXL70Frh	sha1	A5E2344EF5763A9CE2F31E9B9807B0075727A5F9	B390A7D8C9AF4ECD613C9F7CAD5D7F41FD6930EA	6DDBDCB6E77E530E6DB9B7BE95DB1063	good	-	-	1684923021.000000	1685527820.000000
1685094069.645414	FJuyw14JWBf1rEuDy5	sha1	E4E395A229D3D4C1C31FF0980C0B4EC0098AABD8	B76BA2EAA8AA848C79EAB4DA0F98B2C59576B9F4	0880587735FFD9A93B5CEE7F258817E5	good	-	-	1684939502.000000	1685541602.000000
1685094069.681591	FuzIBT3vzv6ZwzowEl	sha1	B9637A21B0602B5F790A8E22BF731357C5301394	8868D91F11C40E1F9B89E0A042775FC3798EC36E	01BD515DC926D74586A05B376507D058	good	-	-	1685070000.000000	1685113200.000000
1685094069.690994	Ft0Sz42VYhxyGEuEXj	sha1	3A1979741DCF77D3D6572B57CAFFF6F62B1D5A3A	EE9A2E46F0C2DA3C5CC78CD6A47598DEA8190A65	0C673E377885E4052335497A28F97F50	good	-	-	1685048222.000000	1685650322.000000
1685094069.815938	FgldbB2Efo7deCmFr5	sha1	48DAC9A0FB2BD32D4FF0DE68D2F567B735F9B3C4	142EB317B75856CBAE500940E61FAF9D8B14C2C6	042048D9EBF98F150A0A65A1222745B89E16	good	-	-	1684994400.000000	1685599198.000000
1685094070.066029	FiGI272rza2TNiejj3	sha1	48DAC9A0FB2BD32D4FF0DE68D2F567B735F9B3C4	142EB317B75856CBAE500940E61FAF9D8B14C2C6	04F043B99DB6F2C78E18C5B3D8106A4E678F	good	-	-	1685019600.000000	1685624398.000000
1685094070.117003	FGgLUB1IeXTIdOjkta	sha1	2828E1C94506C213EDC35EAC058B3B41C4B61D87	0D98C0737FABBDBDD9474B49AD0A4A0CAC3EC77C	7F868D798FEE4380E4E07932	good	-	-	1684863309.000000	1685208908.000000
1685094070.217362	FzBuo82eBoMmp609Lf	sha1	A17551059D2110D201B9081B73338F1C3CC7BD5F	81B80E638A891218E5FA3B3B50959FE6E5901385	04793057409B4D9D14F7553336AB5B16	good	-	-	1685002502.000000	1685604602.000000
1685094070.218587	FE5C1x2rWyY5lSjkR8	sha1	48DAC9A0FB2BD32D4FF0DE68D2F567B735F9B3C4	142EB317B75856CBAE500940E61FAF9D8B14C2C6	0321B97960D3584B841B185A99A1EB67E3A8	good	-	-	1684900800.000000	1685505598.000000
1685094070.240199	FOcfgl2qUrdCiW7Qx	sha1	2828E1C94506C213EDC35EAC058B3B41C4B61D87	0D98C0737FABBDBDD9474B49AD0A4A0CAC3EC77C	132D99B86D3CA77ADD54B24E	good	-	-	1685076114.000000	1685421713.000000
1685094070.318316	FXByxs4eMLM5IJj038	sha1	8F7702DC0E21D05E555FA7C877EE1AE931EAD382	4FCBACA8C2EFABDD836F6BBFCE983D5C58257615	7DDB6AB36FABD1C14ECFEFD4	good	-	-	1685079457.000000	1685425056.000000
1685094073.457496	F5c7fV1YehsTubMUT	sha1	2828E1C94506C213EDC35EAC058B3B41C4B61D87	0D98C0737FABBDBDD9474B49AD0A4A0CAC3EC77C	7F868D798FEE4380E4E07932	good	-	-	1684863309.000000	1685208908.000000
1685094075.573840	Fv2JQz4LIqK4otcqD3	sha1	430BD20E4F137A1A6C918F24E5DA7E324D4733C8	8D8C5EC454AD8AE177E99BF99B05E1B8018D61E1	7D426651E18D6FF3C5D6573DC548ED64	good	-	-	1684979044.000000	1685583843.000000
1685094076.387348	Fy4hQoJZE8QruUlih	sha1	B6080D5F6C6B76EB13E438A5F8660BA85233344E	40C2BD278ECC348330A233D7FB6CB3F0B42C80CE	E2DC0E78F8EFF9A9	good	-	-	1684997687.000000	1685127287.000000
1685094078.992159	F21UNr4zhRVZ7RjQxk	sha1	48DAC9A0FB2BD32D4FF0DE68D2F567B735F9B3C4	142EB317B75856CBAE500940E61FAF9D8B14C2C6	03EB26B90CD8E5AFA90638A59E6175EB8DC9	good	-	-	1684900800.000000	1685505598.000000
1685094079.487303	F8jRpu3bawsOnKOBC9	sha1	48DAC9A0FB2BD32D4FF0DE68D2F567B735F9B3C4	142EB317B75856CBAE500940E61FAF9D8B14C2C6	04814A4DCE705A56EF53C00BFA0B625A1198	good	-	-	1684897200.000000	1685501998.000000
1685094082.052643	FJNPZOCwCPjAeXd1i	sha1	2828E1C94506C213EDC35EAC058B3B41C4B61D87	0D98C0737FABBDBDD9474B49AD0A4A0CAC3EC77C	37C311EEEBA4E3E1EE973213	good	-	-	1685076886.000000	1685422485.000000
1685094082.419375	FNZA8d346j2IMYMSFe	sha1	2828E1C94506C213EDC35EAC058B3B41C4B61D87	0D98C0737FABBDBDD9474B49AD0A4A0CAC3EC77C	5C5665064229CF01A208B287	good	-	-	1685073364.000000	1685418963.000000
1685094082.419375	FmIwgfsNAqScs2v8j	sha1	2828E1C94506C213EDC35EAC058B3B41C4B61D87	0D98C0737FABBDBDD9474B49AD0A4A0CAC3EC77C	06DDA7FE5C7228A6BC84BF32	good	-	-	1685076887.000000	1685422486.000000
1685094094.059205	Fl2YiA1NG7BvMVdx6l	sha1	2828E1C94506C213EDC35EAC058B3B41C4B61D87	0D98C0737FABBDBDD9474B49AD0A4A0CAC3EC77C	68CA165C4CAAF3C193D88F2F	good	-	-	1685081927.000000	1685427526.000000
1685094094.917445	FpP24H3v3wrhycOxek	sha1	2828E1C94506C213EDC35EAC058B3B41C4B61D87	0D98C0737FABBDBDD9474B49AD0A4A0CAC3EC77C	3738C7D4B2B872CBC6ABB5DE	good	-	-	1685075439.000000	1685421038.000000
1685094096.536196	FILtXM2UZLvyiNif9d	sha1	2828E1C94506C213EDC35EAC058B3B41C4B61D87	0D98C0737FABBDBDD9474B49AD0A4A0CAC3EC77C	4D996E5BC9FF054308629A8F	good	-	-	1685075644.000000	1685421243.000000
1685094096.545073	FmEzBF4nMmc6XGtyS6	sha1	2828E1C94506C213EDC35EAC058B3B41C4B61D87	0D98C0737FABBDBDD9474B49AD0A4A0CAC3EC77C	4D996E5BC9FF054308629A8F	good	-	-	1685075644.000000	1685421243.000000
1685094101.962726	FACFog1XdFln9Wfbm2	sha1	48DAC9A0FB2BD32D4FF0DE68D2F567B735F9B3C4	142EB317B75856CBAE500940E61FAF9D8B14C2C6	03F7C562396DB97897E6C5A865FBAEA721BE	good	-	-	1684897200.000000	1685501998.000000
1685094102.186934	Ft0Vw93mCLmgbrqPu	sha1	2828E1C94506C213EDC35EAC058B3B41C4B61D87	0D98C0737FABBDBDD9474B49AD0A4A0CAC3EC77C	7CF62FF7B647F47EF6B797A3	good	-	-	1685070224.000000	1685415823.000000
1685094102.848878	FhiDYC2ilVDnfujCqg	sha1	48DAC9A0FB2BD32D4FF0DE68D2F567B735F9B3C4	142EB317B75856CBAE500940E61FAF9D8B14C2C6	035CE892851E33E67F87E1199843AAF32F26	good	-	-	1685008800.000000	1685613598.000000
1685094102.858627	FDbyGfXiNyoJfJoy	sha1	48DAC9A0FB2BD32D4FF0DE68D2F567B735F9B3C4	142EB317B75856CBAE500940E61FAF9D8B14C2C6	0484F5CCE7FF985032413EB79FA0FA8FAEB8	good	-	-	1684897200.000000	1685501998.000000
1685094103.912619	F8Izvy2XH5zRXzMG5c	sha1	48DAC9A0FB2BD32D4FF0DE68D2F567B735F9B3C4	142EB317B75856CBAE500940E61FAF9D8B14C2C6	049562A1F55D5A03B9BAF0CB173FB384EFC6	good	-	-	1684900800.000000	1685505598.000000
1685094103.965770	FL5c4r21bq8GvXXso3	sha1	48DAC9A0FB2BD32D4FF0DE68D2F567B735F9B3C4	142EB317B75856CBAE500940E61FAF9D8B14C2C6	0481B54A83E56133AF848BC71FC5A1D66E45	good	-	-	1684900800.000000	1685505598.000000
1685094104.063044	FA2J0d3s3778VkSv7e	sha1	48DAC9A0FB2BD32D4FF0DE68D2F567B735F9B3C4	142EB317B75856CBAE500940E61FAF9D8B14C2C6	04B8803CEBE4E8824BA5CB3481F3F851AE9E	good	-	-	1684897200.000000	1685501998.000000
1685094105.376787	FP7iDl4V7k0IBn6Hxi	sha1	2828E1C94506C213EDC35EAC058B3B41C4B61D87	0D98C0737FABBDBDD9474B49AD0A4A0CAC3EC77C	592495050221C0D2CC1267ED	good	-	-	1685078021.000000	1685423620.000000
1685094105.633043	FWAZip3FYoFdN8iSpj	sha1	48DAC9A0FB2BD32D4FF0DE68D2F567B735F9B3C4	142EB317B75856CBAE500940E61FAF9D8B14C2C6	047D10ACC0E5AC1AB274775AD6238FB8ADB7	good	-	-	1684897200.000000	1685501998.000000
1685094105.677353	FYEJrR3h1R7EJqk5z7	sha1	84D56BF8098BD307B766D8E1EBAD6596AA6B6761	F5CDD53C0850F96A4F3AB797DA5683E669D268F7	713792700A5D690F4A665047	good	-	-	1685072807.000000	1685418406.000000
1685094105.743496	FTZZaO2EFOsGHlOoY5	sha1	2828E1C94506C213EDC35EAC058B3B41C4B61D87	0D98C0737FABBDBDD9474B49AD0A4A0CAC3EC77C	3C34C79C7F9E875E846ADFBB	good	-	-	1685076791.000000	1685422390.000000
1685094106.250891	F0TnfA4p2FeN0l9mSa	sha1	24962962C8E03B9F6080A3C1107A1BDA41D9FD51	0A88ABBC8BF0F54AEC6144504044C18766DEDE51	3B50F19B39AB793670165EDAEA2F3997	good	-	-	1685010799.000000	1685269998.000000
1685094111.097543	FjLQ0t1Il352WkYdl6	sha1	2828E1C94506C213EDC35EAC058B3B41C4B61D87	0D98C0737FABBDBDD9474B49AD0A4A0CAC3EC77C	540B25368CA340759322B010	good	-	-	1685083223.000000	1685428822.000000
1685094111.110135	F9Vm572xqYhvsw3Ji	sha1	2828E1C94506C213EDC35EAC058B3B41C4B61D87	0D98C0737FABBDBDD9474B49AD0A4A0CAC3EC77C	5A31CA62B023F5D65DE7F1BA	good	-	-	1685071429.000000	1685417028.000000
1685094111.124122	FLglZq49O3pWOjZfQf	sha1	2828E1C94506C213EDC35EAC058B3B41C4B61D87	0D98C0737FABBDBDD9474B49AD0A4A0CAC3EC77C	470D9DB662BDC368BB75A2CF	good	-	-	1685079242.000000	1685424841.000000
1685094111.124122	FTLDgLg0yyn3hmd5c	sha1	2828E1C94506C213EDC35EAC058B3B41C4B61D87	0D98C0737FABBDBDD9474B49AD0A4A0CAC3EC77C	470D9DB662BDC368BB75A2CF	good	-	-	1685079242.000000	1685424841.000000
1685094111.280412	Fd64N73oPn7gsTPSPc	sha1	2828E1C94506C213EDC35EAC058B3B41C4B61D87	0D98C0737FABBDBDD9474B49AD0A4A0CAC3EC77C	0E66FDE4823CA66F27F5465D	good	-	-	1685077923.000000	1685423522.000000
1685094111.642872	F9i4IbDk1sWzgowA4	sha1	2828E1C94506C213EDC35EAC058B3B41C4B61D87	0D98C0737FABBDBDD9474B49AD0A4A0CAC3EC77C	4005608CE58B55004100CE47	good	-	-	1685077996.000000	1685423595.000000
1685094113.104184	FN3HHT25B3ICfJiOM2	sha1	84D56BF8098BD307B766D8E1EBAD6596AA6B6761	F5CDD53C0850F96A4F3AB797DA5683E669D268F7	255D05D6583858C4728F1533	good	-	-	1685074035.000000	1685419634.000000
1685094114.628675	FCnpGl4TwUnyM0iYhb	sha1	2828E1C94506C213EDC35EAC058B3B41C4B61D87	0D98C0737FABBDBDD9474B49AD0A4A0CAC3EC77C	50B34AB45588FF1B306E0708	good	-	-	1685082666.000000	1685428265.000000
1685094117.274158	FtsWBo4HgOSIH7ByIl	sha1	48DAC9A0FB2BD32D4FF0DE68D2F567B735F9B3C4	142EB317B75856CBAE500940E61FAF9D8B14C2C6	03CC92FE0F0E4F85B8A1AC4F71D4E2D75217	good	-	-	1684900800.000000	1685505598.000000
1685094134.803671	Fy5l1UpiYYvkyNYgc	sha1	A17551059D2110D201B9081B73338F1C3CC7BD5F	81B80E638A891218E5FA3B3B50959FE6E5901385	0480E3665281860EECC187031B6923DA	good	-	-	1685002861.000000	1685604961.000000
1685094173.767133	FmMiml4UkOUy1eL5vh	sha1	49F4BD8A18BF760698C5DE402D683B716AE4E686	3DD350A5D6A0ADEEF34A600A65D321D4F8F8D60F	02464E671B084BEE559D98A7BA1F9468	good	-	-	1684730702.000000	1685332802.000000
1685094175.811665	Fsi1Ji4lO5AxEdPZxa	sha1	3A1979741DCF77D3D6572B57CAFFF6F62B1D5A3A	EE9A2E46F0C2DA3C5CC78CD6A47598DEA8190A65	0C673E377885E4052335497A28F97F50	good	-	-	1685048222.000000	1685650322.000000
1685094178.183219	FfU4di11ILoo5Sf3V8	sha1	48DAC9A0FB2BD32D4FF0DE68D2F567B735F9B3C4	142EB317B75856CBAE500940E61FAF9D8B14C2C6	049EFAA560B3E3167AB76C467E8938F034E9	good	-	-	1684897200.000000	1685501998.000000
1685094178.577604	F51hsk14Vs3xpiREM8	sha1	3A1979741DCF77D3D6572B57CAFFF6F62B1D5A3A	EE9A2E46F0C2DA3C5CC78CD6A47598DEA8190A65	0C673E377885E4052335497A28F97F50	good	-	-	1685048222.000000	1685650322.000000
1685094178.603729	Fo0g772Ed5KO4ttXsc	sha1	430BD20E4F137A1A6C918F24E5DA7E324D4733C8	8D8C5EC454AD8AE177E99BF99B05E1B8018D61E1	45CD0519AF328418B71472D2FEDDF675	good	-	-	1685047072.000000	1685651871.000000
1685094178.607961	FdVYhv1s257cvwRlo7	sha1	E4E395A229D3D4C1C31FF0980C0B4EC0098AABD8	B76BA2EAA8AA848C79EAB4DA0F98B2C59576B9F4	0F76D7608FC496D289954C465B2E7C98	good	-	-	1684893062.000000	1685495162.000000
1685094178.873098	Fd5KCs1dU8IM5EBee3	sha1	48DAC9A0FB2BD32D4FF0DE68D2F567B735F9B3C4	142EB317B75856CBAE500940E61FAF9D8B14C2C6	0309839199981F582AE64AB7B8365AA7C784	good	-	-	1684900800.000000	1685505598.000000
1685094178.891732	FJonYI3xC2qsn4NS2l	sha1	B6080D5F6C6B76EB13E438A5F8660BA85233344E	40C2BD278ECC348330A233D7FB6CB3F0B42C80CE	D15AEF4D7CD32F63	good	-	-	1685042226.000000	1685171826.000000
1685094179.321962	FopdLO2DGcNsbsAT33	sha1	777A7BA877D6F10F1CE9202196FB6B1A6E37F5ED	9058FFB09C75A8515477B1EDF2A34316389E6CC5	04D6735269AF7164DCAF04167FA1A9F8	good	-	-	1684486262.000000	1685088362.000000
1685094179.371549	FcjNsj3PONHjB9drp2	sha1	B6080D5F6C6B76EB13E438A5F8660BA85233344E	40C2BD278ECC348330A233D7FB6CB3F0B42C80CE	9BC2C8C87BE468DB	good	-	-	1685045371.000000	1685174971.000000
1685094179.506295	FzniwF3F2e9JwmtJHg	sha1	B6080D5F6C6B76EB13E438A5F8660BA85233344E	40C2BD278ECC348330A233D7FB6CB3F0B42C80CE	DBF92912C8B19DBD	good	-	-	1685055168.000000	1685184768.000000
1685094179.896563	FHCm6T1IdaIWq6emL3	sha1	3A1979741DCF77D3D6572B57CAFFF6F62B1D5A3A	EE9A2E46F0C2DA3C5CC78CD6A47598DEA8190A65	0C673E377885E4052335497A28F97F50	good	-	-	1685048222.000000	1685650322.000000
1685094180.195339	FO2fPV2d2CF9SkoJrl	sha1	3A1979741DCF77D3D6572B57CAFFF6F62B1D5A3A	EE9A2E46F0C2DA3C5CC78CD6A47598DEA8190A65	0C673E377885E4052335497A28F97F50	good	-	-	1685048222.000000	1685650322.000000
1685094180.664298	FGuCYB45SoDBQw1de6	sha1	A17551059D2110D201B9081B73338F1C3CC7BD5F	81B80E638A891218E5FA3B3B50959FE6E5901385	0480E3665281860EECC187031B6923DA	good	-	-	1685002861.000000	1685604961.000000
1685094180.882111	FZXLD64Sv3j3JsyNGb	sha1	3A1979741DCF77D3D6572B57CAFFF6F62B1D5A3A	EE9A2E46F0C2DA3C5CC78CD6A47598DEA8190A65	0C673E377885E4052335497A28F97F50	good	-	-	1685048222.000000	1685650322.000000
1685094181.198086	F7YDq51SoYUiL55Fsg	sha1	A303C0A8887BD479C4278EB5D7587D3C12C04DA4	FF2F7FE106F438F32DED258D98C2FE0EF66CFCFA	2D0032787213FA84AE5320170C000000327872	good	-	-	1684893606.000000	1685239205.000000
1685094181.205032	FYpzAU2MOMpq9fxp4h	sha1	B6080D5F6C6B76EB13E438A5F8660BA85233344E	40C2BD278ECC348330A233D7FB6CB3F0B42C80CE	449ABBC1DA009D57	good	-	-	1685026430.000000	1685156030.000000
1685094181.240066	FqkRMy19N81BiRkcvd	sha1	A303C0A8887BD479C4278EB5D7587D3C12C04DA4	FF2F7FE106F438F32DED258D98C2FE0EF66CFCFA	2D0032787213FA84AE5320170C000000327872	good	-	-	1684872003.000000	1685217602.000000
1685094181.243105	FCX6kKpbwJOgUUL8l	sha1	3A1979741DCF77D3D6572B57CAFFF6F62B1D5A3A	EE9A2E46F0C2DA3C5CC78CD6A47598DEA8190A65	0C673E377885E4052335497A28F97F50	good	-	-	1685048222.000000	1685650322.000000
1685094181.459547	FKZDQL1whGOFQw4bvk	sha1	A17551059D2110D201B9081B73338F1C3CC7BD5F	81B80E638A891218E5FA3B3B50959FE6E5901385	0480E3665281860EECC187031B6923DA	good	-	-	1685002861.000000	1685604961.000000
1685094181.950670	FVsIneUBmMDfdKzFd	sha1	B6080D5F6C6B76EB13E438A5F8660BA85233344E	40C2BD278ECC348330A233D7FB6CB3F0B42C80CE	892EEE88FF7CEAE5	good	-	-	1685012025.000000	1685141625.000000
1685094182.009999	F3Zto33GTDmbSqTbKe	sha1	B6080D5F6C6B76EB13E438A5F8660BA85233344E	40C2BD278ECC348330A233D7FB6CB3F0B42C80CE	99E7A9EFB7DF9F6C	good	-	-	1685027406.000000	1685157006.000000
1685094182.325519	FuXYC68ucuqMxWi7a	sha1	3A1979741DCF77D3D6572B57CAFFF6F62B1D5A3A	EE9A2E46F0C2DA3C5CC78CD6A47598DEA8190A65	0C673E377885E4052335497A28F97F50	good	-	-	1685048222.000000	1685650322.000000
1685094182.326768	F4F5NZ1R4s31K2Jj8c	sha1	3A1979741DCF77D3D6572B57CAFFF6F62B1D5A3A	EE9A2E46F0C2DA3C5CC78CD6A47598DEA8190A65	0C673E377885E4052335497A28F97F50	good	-	-	1685048222.000000	1685650322.000000
1685094182.441466	FmIhP032MKMMjsVkic	sha1	3A1979741DCF77D3D6572B57CAFFF6F62B1D5A3A	EE9A2E46F0C2DA3C5CC78CD6A47598DEA8190A65	0C673E377885E4052335497A28F97F50	good	-	-	1685048222.000000	1685650322.000000
1685094182.465585	Fz2Xox1RSwFqlKi9P3	sha1	3A1979741DCF77D3D6572B57CAFFF6F62B1D5A3A	EE9A2E46F0C2DA3C5CC78CD6A47598DEA8190A65	0C673E377885E4052335497A28F97F50	good	-	-	1685048222.000000	1685650322.000000
1685094182.614700	FFUSv1BCbqTOcMzx	sha1	3A1979741DCF77D3D6572B57CAFFF6F62B1D5A3A	EE9A2E46F0C2DA3C5CC78CD6A47598DEA8190A65	0C673E377885E4052335497A28F97F50	good	-	-	1685048222.000000	1685650322.000000
1685094182.891928	F7wlJT3WUAN13yN7Ib	sha1	B6080D5F6C6B76EB13E438A5F8660BA85233344E	40C2BD278ECC348330A233D7FB6CB3F0B42C80CE	10B3F1EFF4C39CB8	good	-	-	1685028609.000000	1685158209.000000
1685094202.242665	F5QD1E35XJdCH2xo7a	sha1	48DAC9A0FB2BD32D4FF0DE68D2F567B735F9B3C4	142EB317B75856CBAE500940E61FAF9D8B14C2C6	034038E48ECAB4A5051896363ECAA9A436D5	good	-	-	1684897200.000000	1685501998.000000
1685094223.683666	FnMEI416zdK9BCl9sd	sha1	3A1979741DCF77D3D6572B57CAFFF6F62B1D5A3A	EE9A2E46F0C2DA3C5CC78CD6A47598DEA8190A65	0C673E377885E4052335497A28F97F50	good	-	-	1685048222.000000	1685650322.000000
#close	2023-05-26-13-01-41
